[35m[Appium][39m Welcome to Appium v1.19.0
[35m[Appium][39m Non-default server args:
[35m[Appium][39m   port: 62055
[35m[Appium][39m   loglevel: info
[35m[Appium][39m   tmpDir: C:\Users\CCA\AppData\Local\Temp\\Katalon\Appium\Temp1614779221677
[35m[Appium][39m   chromedriverPort: 62056
[35m[Appium][39m Deprecated server args:
[35m[Appium][39m   [31m--chromedriver-port[39m => --default-capabilities
[35m[Appium][39m Default capabilities, which will be added to each request unless overridden by desired capabilities:
[35m[Appium][39m   chromedriverPort: 62056
[35m[Appium][39m Appium REST http interface listener started on 0.0.0.0:62055
[35m[HTTP][39m [37m-->[39m [37mGET[39m [37m/wd/hub/status[39m
[35m[HTTP][39m [90m{}[39m
[35m[HTTP][39m [37m<-- GET /wd/hub/status [39m[32m200[39m [90m7 ms - 68[39m
[35m[HTTP][39m [90m[39m
[35m[HTTP][39m [37m-->[39m [37mGET[39m [37m/wd/hub/status[39m
[35m[HTTP][39m [90m{}[39m
[35m[HTTP][39m [37m<-- GET /wd/hub/status [39m[32m200[39m [90m3 ms - 68[39m
[35m[HTTP][39m [90m[39m
[35m[HTTP][39m [37m-->[39m [37mPOST[39m [37m/wd/hub/session[39m
[35m[HTTP][39m [90m{"desiredCapabilities":{"app":"D:\\Programs\\Surplus_base.apk","noReset":true,"deviceName":"vivo vivo 1918 (Android 10)","fullReset":false,"platform":"ANDROID","newCommandTimeout":1800,"platformVersion":"10","automationName":"uiautomator2","autoGrantPermissions":true,"platformName":"Android","udid":"9984e0db","systemPort":62068},"capabilities":{"firstMatch":[{"appium:app":"D:\\Programs\\Surplus_base.apk","appium:autoGrantPermissions":true,"appium:automationName":"uiautomator2","appium:deviceName":"vivo vivo 1918 (Android 10)","appium:fullReset":false,"appium:newCommandTimeout":1800,"appium:noReset":true,"platform":"ANDROID","platformName":"android","appium:platformVersion":"10","appium:systemPort":62068,"appium:udid":"9984e0db"}]}}[39m
[35m[BaseDriver][39m The following capabilities are not standard capabilities and should have an extension prefix:
[35m[BaseDriver][39m   platform
[35m[BaseDriver][39m   chromedriverPort
[35m[Appium][39m Appium v1.19.0 creating new AndroidUiautomator2Driver (v1.59.0) session
[35m[BaseDriver][39m The following capabilities were provided, but are not recognized by Appium:
[35m[BaseDriver][39m   platform
[35m[BaseDriver][39m Session created with session id: 2e406cb2-fa3f-4098-affc-4f71e5cbdc6e
[35m[BaseDriver][39m Using local app 'D:\Programs\Surplus_base.apk'
[35m[ADB][39m Found 3 'build-tools' folders under 'C:\Users\CCA\.katalon\tools\android_sdk' (newest first):
[35m[ADB][39m     C:/Users/CCA/.katalon/tools/android_sdk/build-tools/30.0.2
[35m[ADB][39m     C:/Users/CCA/.katalon/tools/android_sdk/build-tools/29.0.3
[35m[ADB][39m     C:/Users/CCA/.katalon/tools/android_sdk/build-tools/29.0.2
[35m[ADB][39m Using 'adb.exe' from 'C:\Users\CCA\.katalon\tools\android_sdk\platform-tools\adb.exe'
[35m[AndroidDriver][39m Retrieving device list
[35m[AndroidDriver][39m Using device: 9984e0db
[35m[ADB][39m Using 'adb.exe' from 'C:\Users\CCA\.katalon\tools\android_sdk\platform-tools\adb.exe'
[35m[ADB][39m Getting device platform version
[35m[UiAutomator2][39m Relaxing hidden api policy
[35m[ADB][39m Package name: 'surplus.surplus_apps_customer'
[35m[ADB][39m Main activity name: 'surplus.surplus_apps_customer.MainActivity'
[35m[ADB][39m Using 'apksigner.jar' from 'C:\Users\CCA\.katalon\tools\android_sdk\build-tools\30.0.2\lib\apksigner.jar'
[35m[ADB][39m 'C:\Users\CCA\AppData\Roaming\npm\node_modules\appium\node_modules\appium-uiautomator2-server\apks\appium-uiautomator2-server-v4.15.0.apk' is signed with the default certificate
[35m[ADB][39m 'C:\Users\CCA\AppData\Roaming\npm\node_modules\appium\node_modules\appium-uiautomator2-server\apks\appium-uiautomator2-server-debug-androidTest.apk' is signed with the default certificate
[35m[UiAutomator2][39m Server packages are not going to be (re)installed
[35m[ADB][39m 'D:\Programs\Surplus_base.apk' is signed with a non-default certificate
[35m[UiAutomator2][39m Starting UIAutomator2 server 4.15.0
[35m[UiAutomator2][39m Using UIAutomator2 server from 'C:\Users\CCA\AppData\Roaming\npm\node_modules\appium\node_modules\appium-uiautomator2-server\apks\appium-uiautomator2-server-v4.15.0.apk' and test from 'C:\Users\CCA\AppData\Roaming\npm\node_modules\appium\node_modules\appium-uiautomator2-server\apks\appium-uiautomator2-server-debug-androidTest.apk'
[35m[UiAutomator2][39m Waiting up to 30000ms for UiAutomator2 to be online...
[35m[WD Proxy][39m socket hang up
[35m[WD Proxy][39m socket hang up
[35m[WD Proxy][39m socket hang up
[35m[WD Proxy][39m Determined the downstream protocol as 'W3C'
[35m[AndroidDriver][39m Screen already unlocked, doing nothing
[35m[UiAutomator2][39m Starting 'surplus.surplus_apps_customer/surplus.surplus_apps_customer.MainActivity and waiting for 'surplus.surplus_apps_customer/surplus.surplus_apps_customer.MainActivity'
[35m[Appium][39m New AndroidUiautomator2Driver session created successfully, session 2e406cb2-fa3f-4098-affc-4f71e5cbdc6e added to master session list
[35m[HTTP][39m [37m<-- POST /wd/hub/session [39m[32m200[39m [90m12341 ms - 1205[39m
[35m[HTTP][39m [90m[39m
[35m[HTTP][39m [37m-->[39m [37mGET[39m [37m/wd/hub/session/2e406cb2-fa3f-4098-affc-4f71e5cbdc6e[39m
[35m[HTTP][39m [90m{}[39m
[35m[HTTP][39m [37m<-- GET /wd/hub/session/2e406cb2-fa3f-4098-affc-4f71e5cbdc6e [39m[32m200[39m [90m11 ms - 1159[39m
[35m[HTTP][39m [90m[39m
[35m[HTTP][39m [37m-->[39m [37mGET[39m [37m/wd/hub/session/2e406cb2-fa3f-4098-affc-4f71e5cbdc6e[39m
[35m[HTTP][39m [90m{}[39m
[35m[HTTP][39m [37m<-- GET /wd/hub/session/2e406cb2-fa3f-4098-affc-4f71e5cbdc6e [39m[32m200[39m [90m22 ms - 1159[39m
[35m[HTTP][39m [90m[39m
[35m[HTTP][39m [37m-->[39m [37mGET[39m [37m/wd/hub/status[39m
[35m[HTTP][39m [90m{}[39m
[35m[HTTP][39m [37m<-- GET /wd/hub/status [39m[32m200[39m [90m2 ms - 68[39m
[35m[HTTP][39m [90m[39m
[35m[HTTP][39m [37m-->[39m [37mPOST[39m [37m/wd/hub/session/2e406cb2-fa3f-4098-affc-4f71e5cbdc6e/timeouts[39m
[35m[HTTP][39m [90m{"implicit":60000}[39m
[35m[HTTP][39m [37m<-- POST /wd/hub/session/2e406cb2-fa3f-4098-affc-4f71e5cbdc6e/timeouts [39m[32m200[39m [90m5 ms - 14[39m
[35m[HTTP][39m [90m[39m
[35m[HTTP][39m [37m-->[39m [37mGET[39m [37m/wd/hub/session/2e406cb2-fa3f-4098-affc-4f71e5cbdc6e/source[39m
[35m[HTTP][39m [90m{}[39m
[35m[W3C (2e406cb2)][39m Driver proxy active, passing request on via HTTP proxy
[35m[WD Proxy][39m Replacing sessionId 446ac7a7-5f59-48ce-81a0-2f0e1a26a10e with 2e406cb2-fa3f-4098-affc-4f71e5cbdc6e
[35m[HTTP][39m [37m<-- GET /wd/hub/session/2e406cb2-fa3f-4098-affc-4f71e5cbdc6e/source [39m[32m200[39m [90m867 ms - 8567[39m
[35m[HTTP][39m [90m[39m
[35m[HTTP][39m [37m-->[39m [37mGET[39m [37m/wd/hub/session/2e406cb2-fa3f-4098-affc-4f71e5cbdc6e/screenshot[39m
[35m[HTTP][39m [90m{}[39m
[35m[HTTP][39m [37m<-- GET /wd/hub/session/2e406cb2-fa3f-4098-affc-4f71e5cbdc6e/screenshot [39m[32m200[39m [90m812 ms - 422966[39m
[35m[HTTP][39m [90m[39m
[35m[HTTP][39m [37m-->[39m [37mGET[39m [37m/wd/hub/session/2e406cb2-fa3f-4098-affc-4f71e5cbdc6e/source[39m
[35m[HTTP][39m [90m{}[39m
[35m[W3C (2e406cb2)][39m Driver proxy active, passing request on via HTTP proxy
[35m[WD Proxy][39m Replacing sessionId 446ac7a7-5f59-48ce-81a0-2f0e1a26a10e with 2e406cb2-fa3f-4098-affc-4f71e5cbdc6e
[35m[HTTP][39m [37m<-- GET /wd/hub/session/2e406cb2-fa3f-4098-affc-4f71e5cbdc6e/source [39m[32m200[39m [90m680 ms - 46261[39m
[35m[HTTP][39m [90m[39m
[35m[HTTP][39m [37m-->[39m [37mGET[39m [37m/wd/hub/session/2e406cb2-fa3f-4098-affc-4f71e5cbdc6e/screenshot[39m
[35m[HTTP][39m [90m{}[39m
[35m[HTTP][39m [37m<-- GET /wd/hub/session/2e406cb2-fa3f-4098-affc-4f71e5cbdc6e/screenshot [39m[32m200[39m [90m964 ms - 1238098[39m
[35m[HTTP][39m [90m[39m
[35m[HTTP][39m [37m-->[39m [37mGET[39m [37m/wd/hub/session/2e406cb2-fa3f-4098-affc-4f71e5cbdc6e/source[39m
[35m[HTTP][39m [90m{}[39m
[35m[W3C (2e406cb2)][39m Driver proxy active, passing request on via HTTP proxy
[35m[WD Proxy][39m Replacing sessionId 446ac7a7-5f59-48ce-81a0-2f0e1a26a10e with 2e406cb2-fa3f-4098-affc-4f71e5cbdc6e
[35m[HTTP][39m [37m<-- GET /wd/hub/session/2e406cb2-fa3f-4098-affc-4f71e5cbdc6e/source [39m[32m200[39m [90m432 ms - 25388[39m
[35m[HTTP][39m [90m[39m
[35m[HTTP][39m [37m-->[39m [37mGET[39m [37m/wd/hub/session/2e406cb2-fa3f-4098-affc-4f71e5cbdc6e/screenshot[39m
[35m[HTTP][39m [90m{}[39m
[35m[HTTP][39m [37m<-- GET /wd/hub/session/2e406cb2-fa3f-4098-affc-4f71e5cbdc6e/screenshot [39m[32m200[39m [90m603 ms - 120120[39m
[35m[HTTP][39m [90m[39m
[35m[HTTP][39m [37m-->[39m [37mPOST[39m [37m/wd/hub/session/2e406cb2-fa3f-4098-affc-4f71e5cbdc6e/elements[39m
[35m[HTTP][39m [90m{"using":"-android uiautomator","value":"new UiSelector().className(\"android.view.ViewGroup\").packageName(\"surplus.surplus_apps_customer\").enabled(true).clickable(true).longClickable(false).checkable(false).checked(false).focusable(true).focused(false).scrollable(false).selected(false).index(0)"}[39m
[35m[HTTP][39m [37m<-- POST /wd/hub/session/2e406cb2-fa3f-4098-affc-4f71e5cbdc6e/elements [39m[32m200[39m [90m320 ms - 139[39m
[35m[HTTP][39m [90m[39m
[35m[HTTP][39m [37m-->[39m [37mGET[39m [37m/wd/hub/session/2e406cb2-fa3f-4098-affc-4f71e5cbdc6e/source[39m
[35m[HTTP][39m [90m{}[39m
[35m[W3C (2e406cb2)][39m Driver proxy active, passing request on via HTTP proxy
[35m[WD Proxy][39m Replacing sessionId 446ac7a7-5f59-48ce-81a0-2f0e1a26a10e with 2e406cb2-fa3f-4098-affc-4f71e5cbdc6e
[35m[HTTP][39m [37m<-- GET /wd/hub/session/2e406cb2-fa3f-4098-affc-4f71e5cbdc6e/source [39m[32m200[39m [90m572 ms - 31094[39m
[35m[HTTP][39m [90m[39m
[35m[HTTP][39m [37m-->[39m [37mGET[39m [37m/wd/hub/session/2e406cb2-fa3f-4098-affc-4f71e5cbdc6e/screenshot[39m
[35m[HTTP][39m [90m{}[39m
[35m[HTTP][39m [37m<-- GET /wd/hub/session/2e406cb2-fa3f-4098-affc-4f71e5cbdc6e/screenshot [39m[32m200[39m [90m623 ms - 99134[39m
[35m[HTTP][39m [90m[39m
[35m[HTTP][39m [37m-->[39m [37mPOST[39m [37m/wd/hub/session/2e406cb2-fa3f-4098-affc-4f71e5cbdc6e/elements[39m
[35m[HTTP][39m [90m{"using":"-android uiautomator","value":"new UiSelector().className(\"android.view.ViewGroup\").packageName(\"surplus.surplus_apps_customer\").enabled(true).clickable(true).longClickable(false).checkable(false).checked(false).focusable(true).focused(false).scrollable(false).selected(false).index(7)"}[39m
[35m[HTTP][39m [37m<-- POST /wd/hub/session/2e406cb2-fa3f-4098-affc-4f71e5cbdc6e/elements [39m[32m200[39m [90m281 ms - 139[39m
[35m[HTTP][39m [90m[39m
[35m[HTTP][39m [37m-->[39m [37mGET[39m [37m/wd/hub/session/2e406cb2-fa3f-4098-affc-4f71e5cbdc6e/source[39m
[35m[HTTP][39m [90m{}[39m
[35m[W3C (2e406cb2)][39m Driver proxy active, passing request on via HTTP proxy
[35m[WD Proxy][39m Replacing sessionId 446ac7a7-5f59-48ce-81a0-2f0e1a26a10e with 2e406cb2-fa3f-4098-affc-4f71e5cbdc6e
[35m[HTTP][39m [37m<-- GET /wd/hub/session/2e406cb2-fa3f-4098-affc-4f71e5cbdc6e/source [39m[32m200[39m [90m481 ms - 6547[39m
[35m[HTTP][39m [90m[39m
[35m[HTTP][39m [37m-->[39m [37mGET[39m [37m/wd/hub/session/2e406cb2-fa3f-4098-affc-4f71e5cbdc6e/screenshot[39m
[35m[HTTP][39m [90m{}[39m
[35m[HTTP][39m [37m<-- GET /wd/hub/session/2e406cb2-fa3f-4098-affc-4f71e5cbdc6e/screenshot [39m[32m200[39m [90m675 ms - 112254[39m
[35m[HTTP][39m [90m[39m
[35m[HTTP][39m [37m-->[39m [37mPOST[39m [37m/wd/hub/session/2e406cb2-fa3f-4098-affc-4f71e5cbdc6e/elements[39m
[35m[HTTP][39m [90m{"using":"-android uiautomator","value":"new UiSelector().className(\"android.view.ViewGroup\").packageName(\"surplus.surplus_apps_customer\").enabled(true).clickable(true).longClickable(false).checkable(false).checked(false).focusable(true).focused(false).scrollable(false).selected(false).index(3)"}[39m
[35m[HTTP][39m [37m<-- POST /wd/hub/session/2e406cb2-fa3f-4098-affc-4f71e5cbdc6e/elements [39m[32m200[39m [90m121 ms - 139[39m
[35m[HTTP][39m [90m[39m
[35m[HTTP][39m [37m-->[39m [37mGET[39m [37m/wd/hub/session/2e406cb2-fa3f-4098-affc-4f71e5cbdc6e/source[39m
[35m[HTTP][39m [90m{}[39m
[35m[W3C (2e406cb2)][39m Driver proxy active, passing request on via HTTP proxy
[35m[WD Proxy][39m Replacing sessionId 446ac7a7-5f59-48ce-81a0-2f0e1a26a10e with 2e406cb2-fa3f-4098-affc-4f71e5cbdc6e
[35m[HTTP][39m [37m<-- GET /wd/hub/session/2e406cb2-fa3f-4098-affc-4f71e5cbdc6e/source [39m[32m200[39m [90m632 ms - 14127[39m
[35m[HTTP][39m [90m[39m
[35m[HTTP][39m [37m-->[39m [37mGET[39m [37m/wd/hub/session/2e406cb2-fa3f-4098-affc-4f71e5cbdc6e/screenshot[39m
[35m[HTTP][39m [90m{}[39m
[35m[HTTP][39m [37m<-- GET /wd/hub/session/2e406cb2-fa3f-4098-affc-4f71e5cbdc6e/screenshot [39m[32m200[39m [90m1179 ms - 1380834[39m
[35m[HTTP][39m [90m[39m
[35m[HTTP][39m [37m-->[39m [37mDELETE[39m [37m/wd/hub/session/2e406cb2-fa3f-4098-affc-4f71e5cbdc6e[39m
[35m[HTTP][39m [90m{}[39m
[35m[Appium][39m Removing session 2e406cb2-fa3f-4098-affc-4f71e5cbdc6e from our master session list
[35m[UiAutomator2][39m Restoring hidden api policy to the device default configuration
